# JRE version: OpenJDK Runtime Environment (8.0_152-b06) (build 1.8.0_152-release-1136-b06)
# Java VM: OpenJDK 64-Bit Server VM (25.152-b06 mixed mode linux-amd64 compressed oops)
Heap:
 PSYoungGen      total 126976K, used 17416K [0x00000000e0000000, 0x00000000e9800000, 0x0000000100000000)
  eden space 118272K, 14% used [0x00000000e0000000,0x00000000e1102228,0x00000000e7380000)
  from space 8704K, 0% used [0x00000000e7380000,0x00000000e7380000,0x00000000e7c00000)
  to   space 11264K, 0% used [0x00000000e8d00000,0x00000000e8d00000,0x00000000e9800000)
 ParOldGen       total 55296K, used 19011K [0x00000000a0000000, 0x00000000a3600000, 0x00000000e0000000)
  object space 55296K, 34% used [0x00000000a0000000,0x00000000a1290d08,0x00000000a3600000)
 Metaspace       used 36068K, capacity 36627K, committed 36952K, reserved 1081344K
  class space    used 4965K, capacity 5206K, committed 5248K, reserved 1048576K
GC Heap History (10 events):
Event: 5.883 GC heap before
{Heap before GC invocations=7 (full 0):
 PSYoungGen      total 66560K, used 31158K [0x00000000e0000000, 0x00000000e4a00000, 0x0000000100000000)
  eden space 60416K, 41% used [0x00000000e0000000,0x00000000e186f958,0x00000000e3b00000)
  from space 6144K, 99% used [0x00000000e4200000,0x00000000e47fe258,0x00000000e4800000)
  to   space 7168K, 0% used [0x00000000e3b00000,0x00000000e3b00000,0x00000000e4200000)
 ParOldGen       total 40960K, used 6061K [0x00000000a0000000, 0x00000000a2800000, 0x00000000e0000000)
  object space 40960K, 14% used [0x00000000a0000000,0x00000000a05eb448,0x00000000a2800000)
 Metaspace       used 20736K, capacity 21082K, committed 21248K, reserved 1067008K
  class space    used 2914K, capacity 3039K, committed 3072K, reserved 1048576K
Event: 5.899 GC heap after
Heap after GC invocations=7 (full 0):
 PSYoungGen      total 67584K, used 6770K [0x00000000e0000000, 0x00000000e8600000, 0x0000000100000000)
  eden space 60416K, 0% used [0x00000000e0000000,0x00000000e0000000,0x00000000e3b00000)
  from space 7168K, 94% used [0x00000000e3b00000,0x00000000e419c9b8,0x00000000e4200000)
  to   space 8192K, 0% used [0x00000000e7e00000,0x00000000e7e00000,0x00000000e8600000)
 ParOldGen       total 40960K, used 6749K [0x00000000a0000000, 0x00000000a2800000, 0x00000000e0000000)
  object space 40960K, 16% used [0x00000000a0000000,0x00000000a0697488,0x00000000a2800000)
 Metaspace       used 20736K, capacity 21082K, committed 21248K, reserved 1067008K
  class space    used 2914K, capacity 3039K, committed 3072K, reserved 1048576K
}
Event: 5.899 GC heap before
{Heap before GC invocations=8 (full 1):
 PSYoungGen      total 67584K, used 6770K [0x00000000e0000000, 0x00000000e8600000, 0x0000000100000000)
  eden space 60416K, 0% used [0x00000000e0000000,0x00000000e0000000,0x00000000e3b00000)
  from space 7168K, 94% used [0x00000000e3b00000,0x00000000e419c9b8,0x00000000e4200000)
  to   space 8192K, 0% used [0x00000000e7e00000,0x00000000e7e00000,0x00000000e8600000)
 ParOldGen       total 40960K, used 6749K [0x00000000a0000000, 0x00000000a2800000, 0x00000000e0000000)
  object space 40960K, 16% used [0x00000000a0000000,0x00000000a0697488,0x00000000a2800000)
 Metaspace       used 20736K, capacity 21082K, committed 21248K, reserved 1067008K
  class space    used 2914K, capacity 3039K, committed 3072K, reserved 1048576K
Event: 5.949 GC heap after
Heap after GC invocations=8 (full 1):
 PSYoungGen      total 67584K, used 0K [0x00000000e0000000, 0x00000000e8600000, 0x0000000100000000)
  eden space 60416K, 0% used [0x00000000e0000000,0x00000000e0000000,0x00000000e3b00000)
  from space 7168K, 0% used [0x00000000e3b00000,0x00000000e3b00000,0x00000000e4200000)
  to   space 8192K, 0% used [0x00000000e7e00000,0x00000000e7e00000,0x00000000e8600000)
 ParOldGen       total 33792K, used 8812K [0x00000000a0000000, 0x00000000a2100000, 0x00000000e0000000)
  object space 33792K, 26% used [0x00000000a0000000,0x00000000a089b080,0x00000000a2100000)
 Metaspace       used 20736K, capacity 21082K, committed 21248K, reserved 1067008K
  class space    used 2914K, capacity 3039K, committed 3072K, reserved 1048576K
}
Event: 7.627 GC heap before
{Heap before GC invocations=9 (full 1):
 PSYoungGen      total 67584K, used 60416K [0x00000000e0000000, 0x00000000e8600000, 0x0000000100000000)
  eden space 60416K, 100% used [0x00000000e0000000,0x00000000e3b00000,0x00000000e3b00000)
  from space 7168K, 0% used [0x00000000e3b00000,0x00000000e3b00000,0x00000000e4200000)
  to   space 8192K, 0% used [0x00000000e7e00000,0x00000000e7e00000,0x00000000e8600000)
 ParOldGen       total 33792K, used 8812K [0x00000000a0000000, 0x00000000a2100000, 0x00000000e0000000)
  object space 33792K, 26% used [0x00000000a0000000,0x00000000a089b080,0x00000000a2100000)
 Metaspace       used 26229K, capacity 26676K, committed 26880K, reserved 1073152K
  class space    used 3608K, capacity 3764K, committed 3840K, reserved 1048576K
Event: 7.650 GC heap after
Heap after GC invocations=9 (full 1):
 PSYoungGen      total 104448K, used 6583K [0x00000000e0000000, 0x00000000e8480000, 0x0000000100000000)
  eden space 97792K, 0% used [0x00000000e0000000,0x00000000e0000000,0x00000000e5f80000)
  from space 6656K, 98% used [0x00000000e7e00000,0x00000000e846dec8,0x00000000e8480000)
  to   space 8704K, 0% used [0x00000000e7380000,0x00000000e7380000,0x00000000e7c00000)
 ParOldGen       total 33792K, used 8820K [0x00000000a0000000, 0x00000000a2100000, 0x00000000e0000000)
  object space 33792K, 26% used [0x00000000a0000000,0x00000000a089d080,0x00000000a2100000)
 Metaspace       used 26229K, capacity 26676K, committed 26880K, reserved 1073152K
  class space    used 3608K, capacity 3764K, committed 3840K, reserved 1048576K
}
Event: 12.191 GC heap before
{Heap before GC invocations=10 (full 1):
 PSYoungGen      total 104448K, used 102338K [0x00000000e0000000, 0x00000000e8480000, 0x0000000100000000)
  eden space 97792K, 97% used [0x00000000e0000000,0x00000000e5d82ac0,0x00000000e5f80000)
  from space 6656K, 98% used [0x00000000e7e00000,0x00000000e846dec8,0x00000000e8480000)
  to   space 8704K, 0% used [0x00000000e7380000,0x00000000e7380000,0x00000000e7c00000)
 ParOldGen       total 33792K, used 8820K [0x00000000a0000000, 0x00000000a2100000, 0x00000000e0000000)
  object space 33792K, 26% used [0x00000000a0000000,0x00000000a089d080,0x00000000a2100000)
 Metaspace       used 34503K, capacity 35145K, committed 35416K, reserved 1079296K
  class space    used 4792K, capacity 4992K, committed 4992K, reserved 1048576K
Event: 12.233 GC heap after
Heap after GC invocations=10 (full 1):
 PSYoungGen      total 126976K, used 8688K [0x00000000e0000000, 0x00000000e9800000, 0x0000000100000000)
  eden space 118272K, 0% used [0x00000000e0000000,0x00000000e0000000,0x00000000e7380000)
  from space 8704K, 99% used [0x00000000e7380000,0x00000000e7bfc288,0x00000000e7c00000)
  to   space 11264K, 0% used [0x00000000e8d00000,0x00000000e8d00000,0x00000000e9800000)
 ParOldGen       total 33792K, used 12688K [0x00000000a0000000, 0x00000000a2100000, 0x00000000e0000000)
  object space 33792K, 37% used [0x00000000a0000000,0x00000000a0c64300,0x00000000a2100000)
 Metaspace       used 34503K, capacity 35145K, committed 35416K, reserved 1079296K
  class space    used 4792K, capacity 4992K, committed 4992K, reserved 1048576K
}
Event: 12.233 GC heap before
{Heap before GC invocations=11 (full 2):
 PSYoungGen      total 126976K, used 8688K [0x00000000e0000000, 0x00000000e9800000, 0x0000000100000000)
  eden space 118272K, 0% used [0x00000000e0000000,0x00000000e0000000,0x00000000e7380000)
  from space 8704K, 99% used [0x00000000e7380000,0x00000000e7bfc288,0x00000000e7c00000)
  to   space 11264K, 0% used [0x00000000e8d00000,0x00000000e8d00000,0x00000000e9800000)
 ParOldGen       total 33792K, used 12688K [0x00000000a0000000, 0x00000000a2100000, 0x00000000e0000000)
  object space 33792K, 37% used [0x00000000a0000000,0x00000000a0c64300,0x00000000a2100000)
 Metaspace       used 34503K, capacity 35145K, committed 35416K, reserved 1079296K
  class space    used 4792K, capacity 4992K, committed 4992K, reserved 1048576K
Event: 12.332 GC heap after
Heap after GC invocations=11 (full 2):
 PSYoungGen      total 126976K, used 0K [0x00000000e0000000, 0x00000000e9800000, 0x0000000100000000)
  eden space 118272K, 0% used [0x00000000e0000000,0x00000000e0000000,0x00000000e7380000)
  from space 8704K, 0% used [0x00000000e7380000,0x00000000e7380000,0x00000000e7c00000)
  to   space 11264K, 0% used [0x00000000e8d00000,0x00000000e8d00000,0x00000000e9800000)
 ParOldGen       total 55296K, used 19011K [0x00000000a0000000, 0x00000000a3600000, 0x00000000e0000000)
  object space 55296K, 34% used [0x00000000a0000000,0x00000000a1290d08,0x00000000a3600000)
 Metaspace       used 34503K, capacity 35145K, committed 35416K, reserved 1079296K
  class space    used 4792K, capacity 4992K, committed 4992K, reserved 1048576K
}

